<?xml version="1.0" encoding="UTF-8"?>
<testsuite name="com.codegym.controller.CustomerControllerTest" tests="3" skipped="0" failures="0" errors="0" timestamp="2021-12-16T03:38:53" hostname="VANBINH" time="0.594">
  <properties/>
  <testcase name="find_By_Id_Test()" classname="com.codegym.controller.CustomerControllerTest" time="0.539"/>
  <testcase name="add_Test()" classname="com.codegym.controller.CustomerControllerTest" time="0.041"/>
  <testcase name="find_All_Test()" classname="com.codegym.controller.CustomerControllerTest" time="0.012"/>
  <system-out><![CDATA[]]></system-out>
  <system-err><![CDATA[SLF4J: Failed to load class "org.slf4j.impl.StaticLoggerBinder".
SLF4J: Defaulting to no-operation (NOP) logger implementation
SLF4J: See http://www.slf4j.org/codes.html#StaticLoggerBinder for further details.
]]></system-err>
</testsuite>
